{"/Users/amrit/GITHUB/Devops-HW2/test.js":{"path":"/Users/amrit/GITHUB/Devops-HW2/test.js","s":{"1":1,"2":1,"3":1,"4":1,"5":1,"6":1,"7":1,"8":1,"9":1,"10":1,"11":1,"12":1,"13":1,"14":1,"15":1,"16":1,"17":1,"18":1,"19":1,"20":1,"21":1,"22":1,"23":1,"24":1,"25":1,"26":1,"27":1,"28":1,"29":1,"30":1,"31":1,"32":1,"33":1,"34":1,"35":1,"36":1,"37":1,"38":1,"39":1,"40":1,"41":1,"42":1,"43":1,"44":1,"45":1,"46":1,"47":1,"48":1,"49":1,"50":1,"51":1,"52":1,"53":1,"54":1,"55":1,"56":1,"57":1,"58":1,"59":1,"60":1,"61":1,"62":1,"63":1,"64":1,"65":1,"66":1,"67":1,"68":1,"69":1,"70":1,"71":1,"72":1,"73":1,"74":1,"75":1,"76":1,"77":1,"78":1,"79":1,"80":1,"81":1,"82":1,"83":1,"84":1,"85":1,"86":1,"87":1,"88":1,"89":1,"90":1,"91":1,"92":1,"93":1,"94":1,"95":1,"96":1,"97":1,"98":1,"99":1,"100":1,"101":1,"102":1,"103":1,"104":1,"105":1,"106":1,"107":1,"108":1,"109":1,"110":1,"111":1,"112":1,"113":1,"114":1,"115":1,"116":1,"117":1,"118":1,"119":1,"120":1,"121":1,"122":1,"123":1,"124":1,"125":1,"126":1,"127":1,"128":1,"129":1,"130":1,"131":1,"132":1,"133":1,"134":1,"135":1,"136":1,"137":1,"138":1,"139":1,"140":1,"141":1,"142":1,"143":1,"144":1,"145":1,"146":1,"147":1,"148":1,"149":1,"150":1,"151":1,"152":1,"153":1,"154":1,"155":1,"156":1,"157":1,"158":1,"159":1,"160":1,"161":1,"162":1,"163":1,"164":1,"165":1,"166":1,"167":1,"168":1,"169":1,"170":1,"171":1,"172":1,"173":1,"174":1,"175":1,"176":1,"177":1,"178":1,"179":1,"180":1,"181":1,"182":1,"183":1,"184":1,"185":1,"186":1,"187":1,"188":1,"189":1,"190":1,"191":1,"192":1,"193":1,"194":1,"195":1,"196":1,"197":1,"198":1,"199":1,"200":1,"201":1,"202":1,"203":1,"204":1,"205":1,"206":1,"207":1,"208":1,"209":1,"210":1,"211":1,"212":1,"213":1,"214":1,"215":1,"216":1,"217":1,"218":1,"219":1,"220":1,"221":1,"222":1,"223":1,"224":1,"225":1,"226":1,"227":1,"228":1,"229":1,"230":1,"231":1,"232":1,"233":1,"234":1,"235":1,"236":1,"237":1,"238":1,"239":1,"240":1,"241":1,"242":1,"243":1,"244":1,"245":1,"246":1,"247":1,"248":1,"249":1,"250":1,"251":1,"252":1,"253":1,"254":1,"255":1,"256":1,"257":1,"258":1,"259":1,"260":1,"261":1,"262":1,"263":1,"264":1,"265":1,"266":1,"267":1,"268":1,"269":1,"270":1,"271":1,"272":1,"273":1,"274":1,"275":1,"276":1,"277":1,"278":1,"279":1,"280":1,"281":1,"282":1,"283":1,"284":1,"285":1,"286":1,"287":1,"288":1,"289":1,"290":1,"291":1,"292":1,"293":1,"294":1,"295":1,"296":1,"297":1,"298":1,"299":1,"300":1,"301":1,"302":1,"303":1,"304":1,"305":1,"306":1,"307":1,"308":1,"309":1,"310":1,"311":1,"312":1,"313":1,"314":1,"315":1,"316":1,"317":1,"318":1,"319":1},"b":{},"f":{},"fnMap":{},"statementMap":{"1":{"start":{"line":1,"column":0},"end":{"line":1,"column":37}},"2":{"start":{"line":2,"column":0},"end":{"line":2,"column":30}},"3":{"start":{"line":3,"column":0},"end":{"line":3,"column":21}},"4":{"start":{"line":4,"column":0},"end":{"line":4,"column":21}},"5":{"start":{"line":5,"column":0},"end":{"line":5,"column":21}},"6":{"start":{"line":6,"column":0},"end":{"line":6,"column":21}},"7":{"start":{"line":7,"column":0},"end":{"line":7,"column":35}},"8":{"start":{"line":8,"column":0},"end":{"line":8,"column":31}},"9":{"start":{"line":9,"column":0},"end":{"line":9,"column":30}},"10":{"start":{"line":10,"column":0},"end":{"line":10,"column":31}},"11":{"start":{"line":11,"column":0},"end":{"line":11,"column":35}},"12":{"start":{"line":12,"column":0},"end":{"line":12,"column":31}},"13":{"start":{"line":13,"column":0},"end":{"line":13,"column":35}},"14":{"start":{"line":14,"column":0},"end":{"line":14,"column":31}},"15":{"start":{"line":15,"column":0},"end":{"line":15,"column":30}},"16":{"start":{"line":16,"column":0},"end":{"line":16,"column":31}},"17":{"start":{"line":17,"column":0},"end":{"line":17,"column":35}},"18":{"start":{"line":18,"column":0},"end":{"line":18,"column":31}},"19":{"start":{"line":19,"column":0},"end":{"line":19,"column":35}},"20":{"start":{"line":20,"column":0},"end":{"line":20,"column":31}},"21":{"start":{"line":21,"column":0},"end":{"line":21,"column":30}},"22":{"start":{"line":22,"column":0},"end":{"line":22,"column":31}},"23":{"start":{"line":23,"column":0},"end":{"line":23,"column":35}},"24":{"start":{"line":24,"column":0},"end":{"line":24,"column":31}},"25":{"start":{"line":25,"column":0},"end":{"line":25,"column":35}},"26":{"start":{"line":26,"column":0},"end":{"line":26,"column":31}},"27":{"start":{"line":27,"column":0},"end":{"line":27,"column":30}},"28":{"start":{"line":28,"column":0},"end":{"line":28,"column":31}},"29":{"start":{"line":29,"column":0},"end":{"line":29,"column":35}},"30":{"start":{"line":30,"column":0},"end":{"line":30,"column":31}},"31":{"start":{"line":31,"column":0},"end":{"line":31,"column":35}},"32":{"start":{"line":32,"column":0},"end":{"line":32,"column":31}},"33":{"start":{"line":33,"column":0},"end":{"line":33,"column":30}},"34":{"start":{"line":34,"column":0},"end":{"line":34,"column":31}},"35":{"start":{"line":35,"column":0},"end":{"line":35,"column":35}},"36":{"start":{"line":36,"column":0},"end":{"line":36,"column":31}},"37":{"start":{"line":37,"column":0},"end":{"line":37,"column":35}},"38":{"start":{"line":38,"column":0},"end":{"line":38,"column":31}},"39":{"start":{"line":39,"column":0},"end":{"line":39,"column":30}},"40":{"start":{"line":40,"column":0},"end":{"line":40,"column":31}},"41":{"start":{"line":41,"column":0},"end":{"line":41,"column":35}},"42":{"start":{"line":42,"column":0},"end":{"line":42,"column":31}},"43":{"start":{"line":43,"column":0},"end":{"line":43,"column":35}},"44":{"start":{"line":44,"column":0},"end":{"line":44,"column":31}},"45":{"start":{"line":45,"column":0},"end":{"line":45,"column":30}},"46":{"start":{"line":46,"column":0},"end":{"line":46,"column":31}},"47":{"start":{"line":47,"column":0},"end":{"line":47,"column":35}},"48":{"start":{"line":48,"column":0},"end":{"line":48,"column":31}},"49":{"start":{"line":49,"column":0},"end":{"line":49,"column":35}},"50":{"start":{"line":50,"column":0},"end":{"line":50,"column":31}},"51":{"start":{"line":51,"column":0},"end":{"line":51,"column":30}},"52":{"start":{"line":52,"column":0},"end":{"line":52,"column":31}},"53":{"start":{"line":53,"column":0},"end":{"line":53,"column":35}},"54":{"start":{"line":54,"column":0},"end":{"line":54,"column":31}},"55":{"start":{"line":55,"column":0},"end":{"line":55,"column":79}},"56":{"start":{"line":56,"column":1},"end":{"line":56,"column":57}},"57":{"start":{"line":57,"column":0},"end":{"line":57,"column":15}},"58":{"start":{"line":58,"column":0},"end":{"line":58,"column":58}},"59":{"start":{"line":59,"column":1},"end":{"line":59,"column":57}},"60":{"start":{"line":60,"column":0},"end":{"line":60,"column":15}},"61":{"start":{"line":61,"column":0},"end":{"line":61,"column":29}},"62":{"start":{"line":62,"column":1},"end":{"line":62,"column":57}},"63":{"start":{"line":63,"column":0},"end":{"line":63,"column":15}},"64":{"start":{"line":64,"column":0},"end":{"line":64,"column":9}},"65":{"start":{"line":65,"column":1},"end":{"line":65,"column":57}},"66":{"start":{"line":66,"column":0},"end":{"line":66,"column":15}},"67":{"start":{"line":67,"column":0},"end":{"line":67,"column":79}},"68":{"start":{"line":68,"column":1},"end":{"line":68,"column":53}},"69":{"start":{"line":69,"column":0},"end":{"line":69,"column":15}},"70":{"start":{"line":70,"column":0},"end":{"line":70,"column":58}},"71":{"start":{"line":71,"column":1},"end":{"line":71,"column":53}},"72":{"start":{"line":72,"column":0},"end":{"line":72,"column":15}},"73":{"start":{"line":73,"column":0},"end":{"line":73,"column":29}},"74":{"start":{"line":74,"column":1},"end":{"line":74,"column":53}},"75":{"start":{"line":75,"column":0},"end":{"line":75,"column":15}},"76":{"start":{"line":76,"column":0},"end":{"line":76,"column":9}},"77":{"start":{"line":77,"column":1},"end":{"line":77,"column":53}},"78":{"start":{"line":78,"column":0},"end":{"line":78,"column":15}},"79":{"start":{"line":79,"column":0},"end":{"line":79,"column":79}},"80":{"start":{"line":80,"column":1},"end":{"line":80,"column":49}},"81":{"start":{"line":81,"column":0},"end":{"line":81,"column":15}},"82":{"start":{"line":82,"column":0},"end":{"line":82,"column":58}},"83":{"start":{"line":83,"column":1},"end":{"line":83,"column":49}},"84":{"start":{"line":84,"column":0},"end":{"line":84,"column":15}},"85":{"start":{"line":85,"column":0},"end":{"line":85,"column":29}},"86":{"start":{"line":86,"column":1},"end":{"line":86,"column":49}},"87":{"start":{"line":87,"column":0},"end":{"line":87,"column":15}},"88":{"start":{"line":88,"column":0},"end":{"line":88,"column":9}},"89":{"start":{"line":89,"column":1},"end":{"line":89,"column":49}},"90":{"start":{"line":90,"column":0},"end":{"line":90,"column":15}},"91":{"start":{"line":91,"column":0},"end":{"line":91,"column":79}},"92":{"start":{"line":92,"column":1},"end":{"line":92,"column":57}},"93":{"start":{"line":93,"column":0},"end":{"line":93,"column":15}},"94":{"start":{"line":94,"column":0},"end":{"line":94,"column":58}},"95":{"start":{"line":95,"column":1},"end":{"line":95,"column":57}},"96":{"start":{"line":96,"column":0},"end":{"line":96,"column":15}},"97":{"start":{"line":97,"column":0},"end":{"line":97,"column":29}},"98":{"start":{"line":98,"column":1},"end":{"line":98,"column":57}},"99":{"start":{"line":99,"column":0},"end":{"line":99,"column":15}},"100":{"start":{"line":100,"column":0},"end":{"line":100,"column":9}},"101":{"start":{"line":101,"column":1},"end":{"line":101,"column":57}},"102":{"start":{"line":102,"column":0},"end":{"line":102,"column":15}},"103":{"start":{"line":103,"column":0},"end":{"line":103,"column":79}},"104":{"start":{"line":104,"column":1},"end":{"line":104,"column":53}},"105":{"start":{"line":105,"column":0},"end":{"line":105,"column":15}},"106":{"start":{"line":106,"column":0},"end":{"line":106,"column":58}},"107":{"start":{"line":107,"column":1},"end":{"line":107,"column":53}},"108":{"start":{"line":108,"column":0},"end":{"line":108,"column":15}},"109":{"start":{"line":109,"column":0},"end":{"line":109,"column":29}},"110":{"start":{"line":110,"column":1},"end":{"line":110,"column":53}},"111":{"start":{"line":111,"column":0},"end":{"line":111,"column":15}},"112":{"start":{"line":112,"column":0},"end":{"line":112,"column":9}},"113":{"start":{"line":113,"column":1},"end":{"line":113,"column":53}},"114":{"start":{"line":114,"column":0},"end":{"line":114,"column":15}},"115":{"start":{"line":115,"column":0},"end":{"line":115,"column":79}},"116":{"start":{"line":116,"column":1},"end":{"line":116,"column":49}},"117":{"start":{"line":117,"column":0},"end":{"line":117,"column":15}},"118":{"start":{"line":118,"column":0},"end":{"line":118,"column":58}},"119":{"start":{"line":119,"column":1},"end":{"line":119,"column":49}},"120":{"start":{"line":120,"column":0},"end":{"line":120,"column":15}},"121":{"start":{"line":121,"column":0},"end":{"line":121,"column":29}},"122":{"start":{"line":122,"column":1},"end":{"line":122,"column":49}},"123":{"start":{"line":123,"column":0},"end":{"line":123,"column":15}},"124":{"start":{"line":124,"column":0},"end":{"line":124,"column":9}},"125":{"start":{"line":125,"column":1},"end":{"line":125,"column":49}},"126":{"start":{"line":126,"column":0},"end":{"line":126,"column":15}},"127":{"start":{"line":127,"column":0},"end":{"line":127,"column":79}},"128":{"start":{"line":128,"column":1},"end":{"line":128,"column":57}},"129":{"start":{"line":129,"column":0},"end":{"line":129,"column":15}},"130":{"start":{"line":130,"column":0},"end":{"line":130,"column":58}},"131":{"start":{"line":131,"column":1},"end":{"line":131,"column":57}},"132":{"start":{"line":132,"column":0},"end":{"line":132,"column":15}},"133":{"start":{"line":133,"column":0},"end":{"line":133,"column":29}},"134":{"start":{"line":134,"column":1},"end":{"line":134,"column":57}},"135":{"start":{"line":135,"column":0},"end":{"line":135,"column":15}},"136":{"start":{"line":136,"column":0},"end":{"line":136,"column":9}},"137":{"start":{"line":137,"column":1},"end":{"line":137,"column":57}},"138":{"start":{"line":138,"column":0},"end":{"line":138,"column":15}},"139":{"start":{"line":139,"column":0},"end":{"line":139,"column":79}},"140":{"start":{"line":140,"column":1},"end":{"line":140,"column":53}},"141":{"start":{"line":141,"column":0},"end":{"line":141,"column":15}},"142":{"start":{"line":142,"column":0},"end":{"line":142,"column":58}},"143":{"start":{"line":143,"column":1},"end":{"line":143,"column":53}},"144":{"start":{"line":144,"column":0},"end":{"line":144,"column":15}},"145":{"start":{"line":145,"column":0},"end":{"line":145,"column":29}},"146":{"start":{"line":146,"column":1},"end":{"line":146,"column":53}},"147":{"start":{"line":147,"column":0},"end":{"line":147,"column":15}},"148":{"start":{"line":148,"column":0},"end":{"line":148,"column":9}},"149":{"start":{"line":149,"column":1},"end":{"line":149,"column":53}},"150":{"start":{"line":150,"column":0},"end":{"line":150,"column":15}},"151":{"start":{"line":151,"column":0},"end":{"line":151,"column":79}},"152":{"start":{"line":152,"column":1},"end":{"line":152,"column":49}},"153":{"start":{"line":153,"column":0},"end":{"line":153,"column":15}},"154":{"start":{"line":154,"column":0},"end":{"line":154,"column":58}},"155":{"start":{"line":155,"column":1},"end":{"line":155,"column":49}},"156":{"start":{"line":156,"column":0},"end":{"line":156,"column":15}},"157":{"start":{"line":157,"column":0},"end":{"line":157,"column":29}},"158":{"start":{"line":158,"column":1},"end":{"line":158,"column":49}},"159":{"start":{"line":159,"column":0},"end":{"line":159,"column":15}},"160":{"start":{"line":160,"column":0},"end":{"line":160,"column":9}},"161":{"start":{"line":161,"column":1},"end":{"line":161,"column":49}},"162":{"start":{"line":162,"column":0},"end":{"line":162,"column":15}},"163":{"start":{"line":163,"column":0},"end":{"line":163,"column":79}},"164":{"start":{"line":164,"column":1},"end":{"line":164,"column":57}},"165":{"start":{"line":165,"column":0},"end":{"line":165,"column":15}},"166":{"start":{"line":166,"column":0},"end":{"line":166,"column":58}},"167":{"start":{"line":167,"column":1},"end":{"line":167,"column":57}},"168":{"start":{"line":168,"column":0},"end":{"line":168,"column":15}},"169":{"start":{"line":169,"column":0},"end":{"line":169,"column":29}},"170":{"start":{"line":170,"column":1},"end":{"line":170,"column":57}},"171":{"start":{"line":171,"column":0},"end":{"line":171,"column":15}},"172":{"start":{"line":172,"column":0},"end":{"line":172,"column":9}},"173":{"start":{"line":173,"column":1},"end":{"line":173,"column":57}},"174":{"start":{"line":174,"column":0},"end":{"line":174,"column":15}},"175":{"start":{"line":175,"column":0},"end":{"line":175,"column":79}},"176":{"start":{"line":176,"column":1},"end":{"line":176,"column":53}},"177":{"start":{"line":177,"column":0},"end":{"line":177,"column":15}},"178":{"start":{"line":178,"column":0},"end":{"line":178,"column":58}},"179":{"start":{"line":179,"column":1},"end":{"line":179,"column":53}},"180":{"start":{"line":180,"column":0},"end":{"line":180,"column":15}},"181":{"start":{"line":181,"column":0},"end":{"line":181,"column":29}},"182":{"start":{"line":182,"column":1},"end":{"line":182,"column":53}},"183":{"start":{"line":183,"column":0},"end":{"line":183,"column":15}},"184":{"start":{"line":184,"column":0},"end":{"line":184,"column":9}},"185":{"start":{"line":185,"column":1},"end":{"line":185,"column":53}},"186":{"start":{"line":186,"column":0},"end":{"line":186,"column":15}},"187":{"start":{"line":187,"column":0},"end":{"line":187,"column":79}},"188":{"start":{"line":188,"column":1},"end":{"line":188,"column":49}},"189":{"start":{"line":189,"column":0},"end":{"line":189,"column":15}},"190":{"start":{"line":190,"column":0},"end":{"line":190,"column":58}},"191":{"start":{"line":191,"column":1},"end":{"line":191,"column":49}},"192":{"start":{"line":192,"column":0},"end":{"line":192,"column":15}},"193":{"start":{"line":193,"column":0},"end":{"line":193,"column":29}},"194":{"start":{"line":194,"column":1},"end":{"line":194,"column":49}},"195":{"start":{"line":195,"column":0},"end":{"line":195,"column":15}},"196":{"start":{"line":196,"column":0},"end":{"line":196,"column":9}},"197":{"start":{"line":197,"column":1},"end":{"line":197,"column":49}},"198":{"start":{"line":198,"column":0},"end":{"line":198,"column":15}},"199":{"start":{"line":199,"column":0},"end":{"line":199,"column":79}},"200":{"start":{"line":200,"column":1},"end":{"line":200,"column":58}},"201":{"start":{"line":201,"column":0},"end":{"line":201,"column":15}},"202":{"start":{"line":202,"column":0},"end":{"line":202,"column":58}},"203":{"start":{"line":203,"column":1},"end":{"line":203,"column":58}},"204":{"start":{"line":204,"column":0},"end":{"line":204,"column":15}},"205":{"start":{"line":205,"column":0},"end":{"line":205,"column":29}},"206":{"start":{"line":206,"column":1},"end":{"line":206,"column":58}},"207":{"start":{"line":207,"column":0},"end":{"line":207,"column":15}},"208":{"start":{"line":208,"column":0},"end":{"line":208,"column":9}},"209":{"start":{"line":209,"column":1},"end":{"line":209,"column":58}},"210":{"start":{"line":210,"column":0},"end":{"line":210,"column":15}},"211":{"start":{"line":211,"column":0},"end":{"line":211,"column":79}},"212":{"start":{"line":212,"column":1},"end":{"line":212,"column":54}},"213":{"start":{"line":213,"column":0},"end":{"line":213,"column":15}},"214":{"start":{"line":214,"column":0},"end":{"line":214,"column":58}},"215":{"start":{"line":215,"column":1},"end":{"line":215,"column":54}},"216":{"start":{"line":216,"column":0},"end":{"line":216,"column":15}},"217":{"start":{"line":217,"column":0},"end":{"line":217,"column":29}},"218":{"start":{"line":218,"column":1},"end":{"line":218,"column":54}},"219":{"start":{"line":219,"column":0},"end":{"line":219,"column":15}},"220":{"start":{"line":220,"column":0},"end":{"line":220,"column":9}},"221":{"start":{"line":221,"column":1},"end":{"line":221,"column":54}},"222":{"start":{"line":222,"column":0},"end":{"line":222,"column":15}},"223":{"start":{"line":223,"column":0},"end":{"line":223,"column":79}},"224":{"start":{"line":224,"column":1},"end":{"line":224,"column":50}},"225":{"start":{"line":225,"column":0},"end":{"line":225,"column":15}},"226":{"start":{"line":226,"column":0},"end":{"line":226,"column":58}},"227":{"start":{"line":227,"column":1},"end":{"line":227,"column":50}},"228":{"start":{"line":228,"column":0},"end":{"line":228,"column":15}},"229":{"start":{"line":229,"column":0},"end":{"line":229,"column":29}},"230":{"start":{"line":230,"column":1},"end":{"line":230,"column":50}},"231":{"start":{"line":231,"column":0},"end":{"line":231,"column":15}},"232":{"start":{"line":232,"column":0},"end":{"line":232,"column":9}},"233":{"start":{"line":233,"column":1},"end":{"line":233,"column":50}},"234":{"start":{"line":234,"column":0},"end":{"line":234,"column":15}},"235":{"start":{"line":235,"column":0},"end":{"line":235,"column":79}},"236":{"start":{"line":236,"column":1},"end":{"line":236,"column":58}},"237":{"start":{"line":237,"column":0},"end":{"line":237,"column":15}},"238":{"start":{"line":238,"column":0},"end":{"line":238,"column":58}},"239":{"start":{"line":239,"column":1},"end":{"line":239,"column":58}},"240":{"start":{"line":240,"column":0},"end":{"line":240,"column":15}},"241":{"start":{"line":241,"column":0},"end":{"line":241,"column":29}},"242":{"start":{"line":242,"column":1},"end":{"line":242,"column":58}},"243":{"start":{"line":243,"column":0},"end":{"line":243,"column":15}},"244":{"start":{"line":244,"column":0},"end":{"line":244,"column":9}},"245":{"start":{"line":245,"column":1},"end":{"line":245,"column":58}},"246":{"start":{"line":246,"column":0},"end":{"line":246,"column":15}},"247":{"start":{"line":247,"column":0},"end":{"line":247,"column":79}},"248":{"start":{"line":248,"column":1},"end":{"line":248,"column":54}},"249":{"start":{"line":249,"column":0},"end":{"line":249,"column":15}},"250":{"start":{"line":250,"column":0},"end":{"line":250,"column":58}},"251":{"start":{"line":251,"column":1},"end":{"line":251,"column":54}},"252":{"start":{"line":252,"column":0},"end":{"line":252,"column":15}},"253":{"start":{"line":253,"column":0},"end":{"line":253,"column":29}},"254":{"start":{"line":254,"column":1},"end":{"line":254,"column":54}},"255":{"start":{"line":255,"column":0},"end":{"line":255,"column":15}},"256":{"start":{"line":256,"column":0},"end":{"line":256,"column":9}},"257":{"start":{"line":257,"column":1},"end":{"line":257,"column":54}},"258":{"start":{"line":258,"column":0},"end":{"line":258,"column":15}},"259":{"start":{"line":259,"column":0},"end":{"line":259,"column":79}},"260":{"start":{"line":260,"column":1},"end":{"line":260,"column":50}},"261":{"start":{"line":261,"column":0},"end":{"line":261,"column":15}},"262":{"start":{"line":262,"column":0},"end":{"line":262,"column":58}},"263":{"start":{"line":263,"column":1},"end":{"line":263,"column":50}},"264":{"start":{"line":264,"column":0},"end":{"line":264,"column":15}},"265":{"start":{"line":265,"column":0},"end":{"line":265,"column":29}},"266":{"start":{"line":266,"column":1},"end":{"line":266,"column":50}},"267":{"start":{"line":267,"column":0},"end":{"line":267,"column":15}},"268":{"start":{"line":268,"column":0},"end":{"line":268,"column":9}},"269":{"start":{"line":269,"column":1},"end":{"line":269,"column":50}},"270":{"start":{"line":270,"column":0},"end":{"line":270,"column":15}},"271":{"start":{"line":271,"column":0},"end":{"line":271,"column":34}},"272":{"start":{"line":272,"column":0},"end":{"line":272,"column":43}},"273":{"start":{"line":273,"column":0},"end":{"line":273,"column":59}},"274":{"start":{"line":274,"column":0},"end":{"line":274,"column":60}},"275":{"start":{"line":275,"column":0},"end":{"line":275,"column":52}},"276":{"start":{"line":276,"column":0},"end":{"line":276,"column":52}},"277":{"start":{"line":277,"column":0},"end":{"line":277,"column":43}},"278":{"start":{"line":278,"column":0},"end":{"line":278,"column":59}},"279":{"start":{"line":279,"column":0},"end":{"line":279,"column":60}},"280":{"start":{"line":280,"column":0},"end":{"line":280,"column":52}},"281":{"start":{"line":281,"column":0},"end":{"line":281,"column":52}},"282":{"start":{"line":282,"column":0},"end":{"line":282,"column":43}},"283":{"start":{"line":283,"column":0},"end":{"line":283,"column":59}},"284":{"start":{"line":284,"column":0},"end":{"line":284,"column":60}},"285":{"start":{"line":285,"column":0},"end":{"line":285,"column":52}},"286":{"start":{"line":286,"column":0},"end":{"line":286,"column":52}},"287":{"start":{"line":287,"column":0},"end":{"line":287,"column":43}},"288":{"start":{"line":288,"column":0},"end":{"line":288,"column":59}},"289":{"start":{"line":289,"column":0},"end":{"line":289,"column":60}},"290":{"start":{"line":290,"column":0},"end":{"line":290,"column":52}},"291":{"start":{"line":291,"column":0},"end":{"line":291,"column":52}},"292":{"start":{"line":292,"column":0},"end":{"line":292,"column":43}},"293":{"start":{"line":293,"column":0},"end":{"line":293,"column":59}},"294":{"start":{"line":294,"column":0},"end":{"line":294,"column":60}},"295":{"start":{"line":295,"column":0},"end":{"line":295,"column":52}},"296":{"start":{"line":296,"column":0},"end":{"line":296,"column":52}},"297":{"start":{"line":297,"column":0},"end":{"line":297,"column":43}},"298":{"start":{"line":298,"column":0},"end":{"line":298,"column":59}},"299":{"start":{"line":299,"column":0},"end":{"line":299,"column":60}},"300":{"start":{"line":300,"column":0},"end":{"line":300,"column":52}},"301":{"start":{"line":301,"column":0},"end":{"line":301,"column":52}},"302":{"start":{"line":302,"column":0},"end":{"line":302,"column":43}},"303":{"start":{"line":303,"column":0},"end":{"line":303,"column":59}},"304":{"start":{"line":304,"column":0},"end":{"line":304,"column":60}},"305":{"start":{"line":305,"column":0},"end":{"line":305,"column":52}},"306":{"start":{"line":306,"column":0},"end":{"line":306,"column":52}},"307":{"start":{"line":307,"column":0},"end":{"line":307,"column":43}},"308":{"start":{"line":308,"column":0},"end":{"line":308,"column":59}},"309":{"start":{"line":309,"column":0},"end":{"line":309,"column":60}},"310":{"start":{"line":310,"column":0},"end":{"line":310,"column":52}},"311":{"start":{"line":311,"column":0},"end":{"line":311,"column":52}},"312":{"start":{"line":312,"column":0},"end":{"line":312,"column":43}},"313":{"start":{"line":313,"column":0},"end":{"line":313,"column":59}},"314":{"start":{"line":314,"column":0},"end":{"line":314,"column":60}},"315":{"start":{"line":315,"column":0},"end":{"line":315,"column":52}},"316":{"start":{"line":316,"column":0},"end":{"line":316,"column":52}},"317":{"start":{"line":317,"column":0},"end":{"line":317,"column":40}},"318":{"start":{"line":318,"column":0},"end":{"line":318,"column":40}},"319":{"start":{"line":319,"column":0},"end":{"line":319,"column":40}}},"branchMap":{}},"/Users/amrit/GITHUB/Devops-HW2/mystery.js":{"path":"/Users/amrit/GITHUB/Devops-HW2/mystery.js","s":{"1":1,"2":1,"3":4,"4":2,"5":4,"6":2,"7":4,"8":1,"9":48,"10":12,"11":36,"12":18,"13":3,"14":15,"15":12,"16":18,"17":15,"18":18,"19":1,"20":72,"21":48,"22":24,"23":24,"24":12,"25":12,"26":8,"27":8,"28":4,"29":4,"30":1,"31":40,"32":1,"33":48,"34":39,"35":48,"36":435,"37":48,"38":1,"39":3,"40":3,"41":3,"42":1,"43":2,"44":1,"45":1,"46":1,"47":1,"48":1,"49":1},"b":{"1":[2,2],"2":[2,2],"3":[12,36],"4":[48,24],"5":[18,18],"6":[3,15],"7":[12,3],"8":[15,3],"9":[48,24],"10":[12,12],"11":[8,4],"12":[4,4],"13":[39,9],"14":[48,45],"15":[1,2]},"f":{"1":4,"2":48,"3":72,"4":40,"5":48,"6":3},"fnMap":{"1":{"name":"inc","line":3,"loc":{"start":{"line":3,"column":0},"end":{"line":3,"column":18}}},"2":{"name":"weird","line":12,"loc":{"start":{"line":12,"column":0},"end":{"line":13,"column":0}}},"3":{"name":"fileTest","line":40,"loc":{"start":{"line":40,"column":0},"end":{"line":41,"column":0}}},"4":{"name":"normalize","line":64,"loc":{"start":{"line":64,"column":0},"end":{"line":64,"column":32}}},"5":{"name":"format","line":73,"loc":{"start":{"line":73,"column":0},"end":{"line":74,"column":0}}},"6":{"name":"blackListNumber","line":88,"loc":{"start":{"line":88,"column":0},"end":{"line":89,"column":0}}}},"statementMap":{"1":{"start":{"line":1,"column":0},"end":{"line":1,"column":23}},"2":{"start":{"line":3,"column":0},"end":{"line":10,"column":1}},"3":{"start":{"line":4,"column":3},"end":{"line":4,"column":21}},"4":{"start":{"line":4,"column":16},"end":{"line":4,"column":21}},"5":{"start":{"line":5,"column":3},"end":{"line":8,"column":4}},"6":{"start":{"line":7,"column":4},"end":{"line":7,"column":11}},"7":{"start":{"line":9,"column":3},"end":{"line":9,"column":18}},"8":{"start":{"line":12,"column":0},"end":{"line":37,"column":1}},"9":{"start":{"line":14,"column":4},"end":{"line":35,"column":5}},"10":{"start":{"line":16,"column":8},"end":{"line":16,"column":15}},"11":{"start":{"line":18,"column":9},"end":{"line":35,"column":5}},"12":{"start":{"line":20,"column":8},"end":{"line":27,"column":9}},"13":{"start":{"line":22,"column":12},"end":{"line":22,"column":21}},"14":{"start":{"line":24,"column":13},"end":{"line":27,"column":9}},"15":{"start":{"line":26,"column":12},"end":{"line":26,"column":21}},"16":{"start":{"line":31,"column":8},"end":{"line":34,"column":9}},"17":{"start":{"line":33,"column":12},"end":{"line":33,"column":29}},"18":{"start":{"line":36,"column":4},"end":{"line":36,"column":13}},"19":{"start":{"line":40,"column":0},"end":{"line":62,"column":1}},"20":{"start":{"line":42,"column":1},"end":{"line":45,"column":5}},"21":{"start":{"line":44,"column":8},"end":{"line":44,"column":21}},"22":{"start":{"line":47,"column":4},"end":{"line":47,"column":36}},"23":{"start":{"line":48,"column":4},"end":{"line":51,"column":5}},"24":{"start":{"line":50,"column":8},"end":{"line":50,"column":21}},"25":{"start":{"line":53,"column":3},"end":{"line":61,"column":2}},"26":{"start":{"line":55,"column":2},"end":{"line":55,"column":46}},"27":{"start":{"line":56,"column":2},"end":{"line":59,"column":3}},"28":{"start":{"line":58,"column":3},"end":{"line":58,"column":15}},"29":{"start":{"line":60,"column":2},"end":{"line":60,"column":15}},"30":{"start":{"line":64,"column":0},"end":{"line":71,"column":1}},"31":{"start":{"line":66,"column":4},"end":{"line":69,"column":6}},"32":{"start":{"line":73,"column":0},"end":{"line":86,"column":1}},"33":{"start":{"line":76,"column":4},"end":{"line":78,"column":5}},"34":{"start":{"line":77,"column":6},"end":{"line":77,"column":42}},"35":{"start":{"line":80,"column":4},"end":{"line":82,"column":5}},"36":{"start":{"line":81,"column":6},"end":{"line":81,"column":63}},"37":{"start":{"line":84,"column":4},"end":{"line":84,"column":24}},"38":{"start":{"line":88,"column":0},"end":{"line":97,"column":1}},"39":{"start":{"line":90,"column":1},"end":{"line":90,"column":49}},"40":{"start":{"line":91,"column":1},"end":{"line":91,"column":31}},"41":{"start":{"line":92,"column":1},"end":{"line":95,"column":2}},"42":{"start":{"line":94,"column":2},"end":{"line":94,"column":14}},"43":{"start":{"line":96,"column":1},"end":{"line":96,"column":14}},"44":{"start":{"line":99,"column":0},"end":{"line":99,"column":28}},"45":{"start":{"line":100,"column":0},"end":{"line":100,"column":30}},"46":{"start":{"line":101,"column":0},"end":{"line":101,"column":24}},"47":{"start":{"line":102,"column":0},"end":{"line":102,"column":18}},"48":{"start":{"line":103,"column":0},"end":{"line":103,"column":22}},"49":{"start":{"line":104,"column":0},"end":{"line":104,"column":42}}},"branchMap":{"1":{"line":4,"type":"if","locations":[{"start":{"line":4,"column":3},"end":{"line":4,"column":3}},{"start":{"line":4,"column":3},"end":{"line":4,"column":3}}]},"2":{"line":5,"type":"if","locations":[{"start":{"line":5,"column":3},"end":{"line":5,"column":3}},{"start":{"line":5,"column":3},"end":{"line":5,"column":3}}]},"3":{"line":14,"type":"if","locations":[{"start":{"line":14,"column":4},"end":{"line":14,"column":4}},{"start":{"line":14,"column":4},"end":{"line":14,"column":4}}]},"4":{"line":14,"type":"binary-expr","locations":[{"start":{"line":14,"column":8},"end":{"line":14,"column":14}},{"start":{"line":14,"column":18},"end":{"line":14,"column":24}}]},"5":{"line":18,"type":"if","locations":[{"start":{"line":18,"column":9},"end":{"line":18,"column":9}},{"start":{"line":18,"column":9},"end":{"line":18,"column":9}}]},"6":{"line":20,"type":"if","locations":[{"start":{"line":20,"column":8},"end":{"line":20,"column":8}},{"start":{"line":20,"column":8},"end":{"line":20,"column":8}}]},"7":{"line":24,"type":"if","locations":[{"start":{"line":24,"column":13},"end":{"line":24,"column":13}},{"start":{"line":24,"column":13},"end":{"line":24,"column":13}}]},"8":{"line":31,"type":"if","locations":[{"start":{"line":31,"column":8},"end":{"line":31,"column":8}},{"start":{"line":31,"column":8},"end":{"line":31,"column":8}}]},"9":{"line":42,"type":"if","locations":[{"start":{"line":42,"column":1},"end":{"line":42,"column":1}},{"start":{"line":42,"column":1},"end":{"line":42,"column":1}}]},"10":{"line":48,"type":"if","locations":[{"start":{"line":48,"column":4},"end":{"line":48,"column":4}},{"start":{"line":48,"column":4},"end":{"line":48,"column":4}}]},"11":{"line":53,"type":"if","locations":[{"start":{"line":53,"column":3},"end":{"line":53,"column":3}},{"start":{"line":53,"column":3},"end":{"line":53,"column":3}}]},"12":{"line":56,"type":"if","locations":[{"start":{"line":56,"column":2},"end":{"line":56,"column":2}},{"start":{"line":56,"column":2},"end":{"line":56,"column":2}}]},"13":{"line":76,"type":"if","locations":[{"start":{"line":76,"column":4},"end":{"line":76,"column":4}},{"start":{"line":76,"column":4},"end":{"line":76,"column":4}}]},"14":{"line":76,"type":"binary-expr","locations":[{"start":{"line":76,"column":8},"end":{"line":76,"column":16}},{"start":{"line":76,"column":20},"end":{"line":76,"column":38}}]},"15":{"line":92,"type":"if","locations":[{"start":{"line":92,"column":1},"end":{"line":92,"column":1}},{"start":{"line":92,"column":1},"end":{"line":92,"column":1}}]}}}}